<?xml version="1.0" encoding="UTF-8"?>
<testng-results skipped="0" failed="0" ignored="0" total="1" passed="1">
  <reporter-output>
  </reporter-output>
  <suite name="Default suite" duration-ms="17720" started-at="2018-05-12T10:53:36Z" finished-at="2018-05-12T10:53:54Z">
    <groups>
    </groups>
    <test name="Default test" duration-ms="17720" started-at="2018-05-12T10:53:36Z" finished-at="2018-05-12T10:53:54Z">
      <class name="scripts.com.ibm.automation.mobileAuto">
        <test-method status="PASS" signature="setUp()[pri:0, instance:scripts.com.ibm.automation.mobileAuto@146044d7]" name="setUp" is-config="true" duration-ms="6376" started-at="2018-05-12T10:53:36Z" finished-at="2018-05-12T10:53:42Z">
          <reporter-output>
          </reporter-output>
        </test-method> <!-- setUp -->
        <test-method status="PASS" signature="bClass()[pri:0, instance:scripts.com.ibm.automation.mobileAuto@146044d7]" name="bClass" is-config="true" duration-ms="1" started-at="2018-05-12T10:53:42Z" finished-at="2018-05-12T10:53:42Z">
          <reporter-output>
          </reporter-output>
        </test-method> <!-- bClass -->
        <test-method status="PASS" signature="mobileTestDemo()[pri:0, instance:scripts.com.ibm.automation.mobileAuto@146044d7]" name="mobileTestDemo" duration-ms="10770" started-at="2018-05-12T10:53:42Z" finished-at="2018-05-12T10:53:53Z">
          <reporter-output>
          </reporter-output>
        </test-method> <!-- mobileTestDemo -->
        <test-method status="PASS" signature="aClass()[pri:0, instance:scripts.com.ibm.automation.mobileAuto@146044d7]" name="aClass" is-config="true" duration-ms="337" started-at="2018-05-12T10:53:53Z" finished-at="2018-05-12T10:53:54Z">
          <reporter-output>
          </reporter-output>
        </test-method> <!-- aClass -->
        <test-method status="PASS" signature="aTest()[pri:0, instance:scripts.com.ibm.automation.mobileAuto@146044d7]" name="aTest" is-config="true" duration-ms="203" started-at="2018-05-12T10:53:54Z" finished-at="2018-05-12T10:53:54Z">
          <reporter-output>
          </reporter-output>
        </test-method> <!-- aTest -->
      </class> <!-- scripts.com.ibm.automation.mobileAuto -->
    </test> <!-- Default test -->
  </suite> <!-- Default suite -->
</testng-results>
