<?xml version="1.0" encoding="UTF-8"?>
<testng-results skipped="0" failed="0" ignored="0" total="0" passed="0">
  <reporter-output>
  </reporter-output>
  <suite name="mobile.appiumtest.AppTest" duration-ms="7" started-at="2018-05-12T03:36:55Z" finished-at="2018-05-12T03:36:55Z">
    <groups>
    </groups>
    <test name="Command line test" duration-ms="7" started-at="2018-05-12T03:36:55Z" finished-at="2018-05-12T03:36:55Z">
    </test> <!-- Command line test -->
  </suite> <!-- mobile.appiumtest.AppTest -->
</testng-results>
